C51 COMPILER V9.01   EEPROM                                                                01/14/2019 21:22:35 PAGE 1   


C51 COMPILER V9.01, COMPILATION OF MODULE EEPROM
OBJECT MODULE PLACED IN eeprom.obj
COMPILER INVOKED BY: C:\Keil\C51\BIN\C51.EXE src\eeprom.c COMPACT BROWSE PRINT(.\eeprom.lst) OBJECT(eeprom.obj)

line level    source

   1          #include "../h/port.h"
   2          //测试工作频率为11.0592MHz
   3          #define WT_30M          0x81
   4          #define WT_24M          0x81
   5          #define WT_20M          0x82
   6          #define WT_12M          0x83
   7          #define WT_6M           0x84
   8          #define WT_3M           0x85
   9          #define WT_2M           0x86
  10          #define WT_1M           0x87
  11          
  12          void IapIdle()
  13          {
  14   1          IAP_CONTR = 0;                              //关闭IAP功能
  15   1          IAP_CMD = 0;                                //清除命令寄存器
  16   1          IAP_TRIG = 0;                               //清除触发寄存器
  17   1          IAP_ADDRH = 0x80;                           //将地址设置到非IAP区域
  18   1          IAP_ADDRL = 0;
  19   1      }
  20          
  21          unsigned char IapRead(int addr)
  22          {
  23   1          unsigned char dat;
  24   1      
  25   1          IAP_CONTR = WT_6M;                         //使能IAP
  26   1          IAP_CMD = 1;                                //设置IAP读命令
  27   1          IAP_ADDRL = addr;                           //设置IAP低地址
  28   1          IAP_ADDRH = addr >> 8;                      //设置IAP高地址
  29   1          IAP_TRIG = 0x5a;                            //写触发命令(0x5a)
  30   1          IAP_TRIG = 0xa5;                            //写触发命令(0xa5)
  31   1          _nop_();  _nop_();  _nop_();_nop_();
  32   1          dat = IAP_DATA;                             //读IAP数据
  33   1          IapIdle();                                  //关闭IAP功能
  34   1          return dat;
  35   1      }
  36          
  37          void IapProgram(int addr, char dat)
  38          {
  39   1          IAP_CONTR = WT_6M;                         //使能IAP
  40   1          IAP_CMD = 2;                                //设置IAP写命令
  41   1          IAP_ADDRL = addr;                           //设置IAP低地址
  42   1          IAP_ADDRH = addr >> 8;                      //设置IAP高地址
  43   1          IAP_DATA = dat;                             //写IAP数据
  44   1          IAP_TRIG = 0x5a;                            //写触发命令(0x5a)
  45   1          IAP_TRIG = 0xa5;                            //写触发命令(0xa5)
  46   1          _nop_();_nop_();  _nop_(); _nop_();
  47   1          IapIdle();                                  //关闭IAP功能
  48   1      }
  49          
  50          void IapErase(int addr)
  51          {
  52   1          IAP_CONTR = WT_6M;                         //使能IAP
  53   1          IAP_CMD = 3;                                //设置IAP擦除命令
  54   1          IAP_ADDRL = addr;                           //设置IAP低地址
  55   1          IAP_ADDRH = addr >> 8;                      //设置IAP高地址
C51 COMPILER V9.01   EEPROM                                                                01/14/2019 21:22:35 PAGE 2   

  56   1          IAP_TRIG = 0x5a;                            //写触发命令(0x5a)
  57   1          IAP_TRIG = 0xa5;                            //写触发命令(0xa5)
  58   1           _nop_(); _nop_();_nop_();_nop_();                                   //
  59   1          IapIdle();                                  //关闭IAP功能
  60   1      }
  61          void IapWrite(int addr, uchar dataa)
  62          {
  63   1          IapErase(addr);
  64   1          IapProgram(addr, dataa);
  65   1      }


MODULE INFORMATION:   STATIC OVERLAYABLE
   CODE SIZE        =    107    ----
   CONSTANT SIZE    =   ----    ----
   XDATA SIZE       =   ----    ----
   PDATA SIZE       =   ----    ----
   DATA SIZE        =   ----    ----
   IDATA SIZE       =   ----    ----
   BIT SIZE         =   ----    ----
END OF MODULE INFORMATION.


C51 COMPILATION COMPLETE.  0 WARNING(S),  0 ERROR(S)
