C51 COMPILER V9.01   UTILITY                                                               12/20/2018 20:23:40 PAGE 1   


C51 COMPILER V9.01, COMPILATION OF MODULE UTILITY
OBJECT MODULE PLACED IN utility.obj
COMPILER INVOKED BY: C:\Keil\C51\BIN\C51.EXE src\utility.c COMPACT BROWSE PRINT(.\utility.lst) OBJECT(utility.obj)

line level    source

   1          #include "../h/port.h"
   2          #include "stdio.h"
   3          #include "string.h"
   4           
   5          #if 1
   6          void Delay(unsigned long i)
   7          { 
   8   1          for(;i;i--);     
   9   1      }
  10          
  11          #endif
  12          
  13          


MODULE INFORMATION:   STATIC OVERLAYABLE
   CODE SIZE        =     25    ----
   CONSTANT SIZE    =   ----    ----
   XDATA SIZE       =   ----    ----
   PDATA SIZE       =   ----    ----
   DATA SIZE        =   ----    ----
   IDATA SIZE       =   ----    ----
   BIT SIZE         =   ----    ----
END OF MODULE INFORMATION.


C51 COMPILATION COMPLETE.  0 WARNING(S),  0 ERROR(S)
